<?xml version="1.0" encoding="UTF-8"?>
<!-- Generated by org.testng.reporters.JUnitReportReporter -->
<testsuite skipped="0" hostname="DESKTOP-69DN8M1" name="com.testNG.com.Data_providertest" tests="4" failures="0" timestamp="2021-07-09T23:34:26 IST" time="0.023" errors="0">
  <testcase name="login" time="0.002" classname="com.testNG.com.Data_providertest"/>
  <testcase name="login" time="0.008" classname="com.testNG.com.Data_providertest"/>
  <testcase name="login" time="0.005" classname="com.testNG.com.Data_providertest"/>
  <testcase name="login" time="0.008" classname="com.testNG.com.Data_providertest"/>
</testsuite> <!-- com.testNG.com.Data_providertest -->
