<?xml version="1.0" encoding="UTF-8"?>
<!-- Generated by org.testng.reporters.JUnitReportReporter -->
<testsuite skipped="1" hostname="DESKTOP-69DN8M1" name="ignoreTest.Ignoretest" tests="3" failures="0" timestamp="2021-07-09T22:03:00 IST" time="0.010" errors="0">
  <testcase name="Green" time="0.009" classname="ignoreTest.Ignoretest"/>
  <testcase name="Yellow" time="0.001" classname="ignoreTest.Ignoretest"/>
  <testcase name="Red" classname="ignoreTest.Ignoretest">
    <skipped/>
  </testcase> <!-- Red -->
</testsuite> <!-- ignoreTest.Ignoretest -->
