<?xml version="1.0" encoding="UTF-8"?>
<!-- Generated by org.testng.reporters.JUnitReportReporter -->
<testsuite skipped="0" hostname="DESKTOP-69DN8M1" name="parametertesting.Dataprovidertest" tests="3" failures="0" timestamp="2021-06-12T21:57:55 IST" time="0.031" errors="0">
  <testcase name="login" time="0.016" classname="parametertesting.Dataprovidertest"/>
  <testcase name="login" time="0.015" classname="parametertesting.Dataprovidertest"/>
  <testcase name="login" time="0.000" classname="parametertesting.Dataprovidertest"/>
</testsuite> <!-- parametertesting.Dataprovidertest -->
