<?xml version="1.0" encoding="UTF-8"?>
<!-- Generated by org.testng.reporters.JUnitReportReporter -->
<testsuite skipped="0" hostname="DESKTOP-69DN8M1" name="com.testNG.com.Browlaunch" tests="2" failures="0" timestamp="2021-07-06T04:58:23 IST" time="0.008" errors="0">
  <testcase name="addtocart" time="0.007" classname="com.testNG.com.Browlaunch"/>
  <testcase name="iphonesearch" time="0.001" classname="com.testNG.com.Browlaunch"/>
</testsuite> <!-- com.testNG.com.Browlaunch -->
