<?xml version="1.0" encoding="UTF-8"?>
<!-- Generated by org.testng.reporters.JUnitReportReporter -->
<testsuite skipped="0" hostname="DESKTOP-69DN8M1" name="com.Groupingtest.GroupingTest" tests="2" failures="0" timestamp="2021-06-10T21:05:28 IST" time="0.016" errors="0">
  <testcase name="Red1" time="0.000" classname="com.Groupingtest.GroupingTest"/>
  <testcase name="Red" time="0.016" classname="com.Groupingtest.GroupingTest"/>
</testsuite> <!-- com.Groupingtest.GroupingTest -->
