<?xml version="1.0" encoding="UTF-8"?>
<!-- Generated by org.testng.reporters.JUnitReportReporter -->
<testsuite skipped="0" hostname="DESKTOP-69DN8M1" name="prioritytest.Cardrive" tests="5" failures="0" timestamp="2021-07-06T05:12:29 IST" time="0.013" errors="0">
  <testcase name="firstgear" time="0.008" classname="prioritytest.Cardrive"/>
  <testcase name="startthrcar" time="0.001" classname="prioritytest.Cardrive"/>
  <testcase name="offthecar" time="0.001" classname="prioritytest.Cardrive"/>
  <testcase name="secondgear" time="0.001" classname="prioritytest.Cardrive"/>
  <testcase name="keyon" time="0.002" classname="prioritytest.Cardrive"/>
</testsuite> <!-- prioritytest.Cardrive -->
