<?xml version="1.0" encoding="UTF-8"?>
<!-- Generated by org.testng.reporters.JUnitReportReporter -->
<testsuite skipped="0" hostname="DESKTOP-69DN8M1" name="parametertesting.Parametertest" tests="2" failures="0" timestamp="2021-07-10T08:41:42 IST" time="0.009" errors="0">
  <testcase name="empUserName" time="0.001" classname="parametertesting.Parametertest"/>
  <testcase name="empPassword" time="0.008" classname="parametertesting.Parametertest"/>
</testsuite> <!-- parametertesting.Parametertest -->
