<?xml version="1.0" encoding="UTF-8"?>
<!-- Generated by org.testng.reporters.JUnitReportReporter -->
<testsuite skipped="0" hostname="DESKTOP-69DN8M1" name="invocation.Multipletimes" tests="8" failures="0" timestamp="2021-06-13T20:47:38 IST" time="0.013" errors="0">
  <testcase name="searchlaptop" time="0.001" classname="invocation.Multipletimes"/>
  <testcase name="searchmobile" time="0.000" classname="invocation.Multipletimes"/>
  <testcase name="searchlaptop" time="0.009" classname="invocation.Multipletimes"/>
  <testcase name="searchmobile" time="0.001" classname="invocation.Multipletimes"/>
  <testcase name="searchlaptop" time="0.001" classname="invocation.Multipletimes"/>
  <testcase name="searchlaptop" time="0.000" classname="invocation.Multipletimes"/>
  <testcase name="searchlaptop" time="0.001" classname="invocation.Multipletimes"/>
  <testcase name="searchmobile" time="0.000" classname="invocation.Multipletimes"/>
</testsuite> <!-- invocation.Multipletimes -->
