<?xml version="1.0" encoding="UTF-8"?>
<!-- Generated by org.testng.reporters.JUnitReportReporter -->
<testsuite skipped="0" hostname="DESKTOP-69DN8M1" name="com.Groupingtest.Exercise" tests="2" failures="0" timestamp="2021-07-06T06:32:07 IST" time="0.000" errors="0">
  <testcase name="blue1" time="0.000" classname="com.Groupingtest.Exercise"/>
  <testcase name="blue" time="0.000" classname="com.Groupingtest.Exercise"/>
</testsuite> <!-- com.Groupingtest.Exercise -->
