<?xml version="1.0" encoding="UTF-8"?>
<!-- Generated by org.testng.reporters.JUnitReportReporter -->
<testsuite skipped="0" hostname="DESKTOP-69DN8M1" name="prioritytest.Cardriving" tests="5" failures="0" timestamp="2021-06-10T05:23:18 IST" time="0.021" errors="0">
  <testcase name="keyoff" time="0.011" classname="prioritytest.Cardriving"/>
  <testcase name="firstgear" time="0.003" classname="prioritytest.Cardriving"/>
  <testcase name="stopthecar" time="0.002" classname="prioritytest.Cardriving"/>
  <testcase name="secondgear" time="0.002" classname="prioritytest.Cardriving"/>
  <testcase name="startthecar" time="0.003" classname="prioritytest.Cardriving"/>
</testsuite> <!-- prioritytest.Cardriving -->
