<?xml version="1.0" encoding="UTF-8"?>
<!-- Generated by org.testng.reporters.JUnitReportReporter -->
<testsuite skipped="0" hostname="DESKTOP-69DN8M1" name="dependencytest.Depend_1" tests="5" failures="0" timestamp="2021-07-06T05:30:14 IST" time="0.032" errors="0">
  <testcase name="logou" time="0.000" classname="dependencytest.Depend_1"/>
  <testcase name="searchmobile" time="0.000" classname="dependencytest.Depend_1"/>
  <testcase name="browserlaunch" time="0.016" classname="dependencytest.Depend_1"/>
  <testcase name="login" time="0.016" classname="dependencytest.Depend_1"/>
  <testcase name="url" time="0.000" classname="dependencytest.Depend_1"/>
</testsuite> <!-- dependencytest.Depend_1 -->
