<?xml version="1.0" encoding="UTF-8"?>
<!-- Generated by org.testng.reporters.JUnitReportReporter -->
<testsuite skipped="0" hostname="DESKTOP-69DN8M1" name="dependencytest.DependencyDemo" tests="4" failures="0" timestamp="2021-06-10T05:56:28 IST" time="0.032" errors="0">
  <testcase name="url" time="0.000" classname="dependencytest.DependencyDemo"/>
  <testcase name="browserlaunch" time="0.016" classname="dependencytest.DependencyDemo"/>
  <testcase name="searchmobiles" time="0.016" classname="dependencytest.DependencyDemo"/>
  <testcase name="login" time="0.000" classname="dependencytest.DependencyDemo"/>
</testsuite> <!-- dependencytest.DependencyDemo -->
