<?xml version="1.0" encoding="UTF-8"?>
<!-- Generated by org.testng.reporters.JUnitReportReporter -->
<testsuite skipped="0" hostname="DESKTOP-69DN8M1" name="exceptiontesting.Timeout" tests="1" failures="0" timestamp="2021-06-10T21:25:39 IST" time="2.064" errors="0">
  <testcase name="searchMobile" time="2.064" classname="exceptiontesting.Timeout"/>
</testsuite> <!-- exceptiontesting.Timeout -->
