<?xml version="1.0" encoding="UTF-8"?>
<!-- Generated by org.testng.reporters.JUnitReportReporter -->
<testsuite skipped="0" hostname="DESKTOP-69DN8M1" name="exceptiontesting.Runall" tests="1" failures="0" timestamp="2021-06-10T21:18:57 IST" time="0.016" errors="0">
  <testcase name="Divide" time="0.016" classname="exceptiontesting.Runall"/>
</testsuite> <!-- exceptiontesting.Runall -->
