<?xml version="1.0" encoding="UTF-8"?>
<!-- Generated by org.testng.reporters.JUnitReportReporter -->
<testsuite skipped="0" hostname="DESKTOP-69DN8M1" name="invocation.Exercise" tests="8" failures="0" timestamp="2021-07-06T05:37:08 IST" time="0.017" errors="0">
  <testcase name="searchlaptop" time="0.000" classname="invocation.Exercise"/>
  <testcase name="searchlaptop" time="0.000" classname="invocation.Exercise"/>
  <testcase name="searchlaptop" time="0.017" classname="invocation.Exercise"/>
  <testcase name="searchmobile" time="0.000" classname="invocation.Exercise"/>
  <testcase name="searchlaptop" time="0.000" classname="invocation.Exercise"/>
  <testcase name="searchlaptop" time="0.000" classname="invocation.Exercise"/>
  <testcase name="searchlaptop" time="0.000" classname="invocation.Exercise"/>
  <testcase name="searchmobile" time="0.000" classname="invocation.Exercise"/>
</testsuite> <!-- invocation.Exercise -->
