<?xml version="1.0" encoding="UTF-8"?>
<!-- Generated by org.testng.reporters.JUnitReportReporter -->
<testsuite skipped="0" hostname="DESKTOP-69DN8M1" name="com.testNG.com.BrowserLaunch" tests="2" failures="0" timestamp="2021-06-08T16:08:46 IST" time="0.009" errors="0">
  <testcase name="addtocart" time="0.009" classname="com.testNG.com.BrowserLaunch"/>
  <testcase name="iphonesearch" time="0.000" classname="com.testNG.com.BrowserLaunch"/>
</testsuite> <!-- com.testNG.com.BrowserLaunch -->
